[debug] [2019-09-30T07:39:35.971Z] ----------------------------------------------------------------------
[debug] [2019-09-30T07:39:35.972Z] Command:       /usr/local/bin/node /usr/local/bin/firebase init
[debug] [2019-09-30T07:39:35.973Z] CLI Version:   7.4.0
[debug] [2019-09-30T07:39:35.973Z] Platform:      darwin
[debug] [2019-09-30T07:39:35.973Z] Node Version:  v10.15.3
[debug] [2019-09-30T07:39:35.974Z] Time:          Mon Sep 30 2019 16:39:35 GMT+0900 (GMT+09:00)
[debug] [2019-09-30T07:39:35.974Z] ----------------------------------------------------------------------
[debug] 
[debug] [2019-09-30T07:39:35.979Z] > command requires scopes: ["email","openid","https://www.googleapis.com/auth/cloudplatformprojects.readonly","https://www.googleapis.com/auth/firebase","https://www.googleapis.com/auth/cloud-platform"]
[debug] [2019-09-30T07:39:35.979Z] > authorizing via signed-in user
[info] 
     ######## #### ########  ######## ########     ###     ######  ########
     ##        ##  ##     ## ##       ##     ##  ##   ##  ##       ##
     ######    ##  ########  ######   ########  #########  ######  ######
     ##        ##  ##    ##  ##       ##     ## ##     ##       ## ##
     ##       #### ##     ## ######## ########  ##     ##  ######  ########

You're about to initialize a Firebase project in this directory:

  /Users/kondoshogo/Desktop/team2-funput-Client

[info] 
=== Project Setup
[info] 
[info] First, let's associate this project directory with a Firebase project.
[info] You can create multiple project aliases by running firebase use --add, 
[info] but for now we'll just set up a default project.
[info] 
[debug] [2019-09-30T07:41:18.568Z] >>> HTTP REQUEST GET https://firebase.googleapis.com/v1beta1/projects?pageSize=100  
 
[debug] [2019-09-30T07:41:19.467Z] <<< HTTP RESPONSE 200
[info] i  Using project fintech2019-team2 (fintech2019-team2)
[info] 
=== Database Setup
[info] 
[info] Firebase Realtime Database Rules allow you to define how your data should be
[info] structured and when your data can be read from and written to.
[info] 
[debug] [2019-09-30T07:42:44.926Z] >>> HTTP REQUEST GET https://fintech2019-team2.firebaseio.com/.settings/rules.json  
 
[debug] [2019-09-30T07:42:45.754Z] <<< HTTP RESPONSE 200
[debug] [2019-09-30T07:42:45.915Z] Error: EISDIR: illegal operation on a directory, open '/Users/kondoshogo/Desktop/team2-funput-Client'
    at Object.openSync (fs.js:438:3)
    at Object.writeFileSync (fs.js:1189:35)
    at Config.writeProjectFile (/usr/local/lib/node_modules/firebase-tools/lib/config.js:179:8)
    at /usr/local/lib/node_modules/firebase-tools/lib/init/features/database.js:25:23
    at process._tickCallback (internal/process/next_tick.js:68:7)
[error] 
[error] Error: An unexpected error has occurred.
